This is pdfTeX, Version 3.14159265-2.6-1.40.15 (TeX Live 2014/Arch Linux) (preloaded format=pdflatex 2015.2.4)  11 FEB 2015 19:55
entering extended mode
 restricted \write18 enabled.
 %&-line parsing enabled.
**rapport.tex
(./rapport.tex
LaTeX2e <2014/05/01>
Babel <3.9k> and hyphenation patterns for 79 languages loaded.
(/usr/share/texmf-dist/tex/latex/base/article.cls
Document Class: article 2007/10/19 v1.4h Standard LaTeX document class
(/usr/share/texmf-dist/tex/latex/base/size11.clo
File: size11.clo 2007/10/19 v1.4h Standard LaTeX file (size option)
)
\c@part=\count79
\c@section=\count80
\c@subsection=\count81
\c@subsubsection=\count82
\c@paragraph=\count83
\c@subparagraph=\count84
\c@figure=\count85
\c@table=\count86
\abovecaptionskip=\skip41
\belowcaptionskip=\skip42
\bibindent=\dimen102
)
(/usr/share/texmf-dist/tex/latex/base/fontenc.sty
Package: fontenc 2005/09/27 v1.99g Standard LaTeX package

(/usr/share/texmf-dist/tex/latex/base/t1enc.def
File: t1enc.def 2005/09/27 v1.99g Standard LaTeX file
LaTeX Font Info:    Redeclaring font encoding T1 on input line 43.
))
(/usr/share/texmf-dist/tex/latex/base/inputenc.sty
Package: inputenc 2014/04/30 v1.2b Input encoding file
\inpenc@prehook=\toks14
\inpenc@posthook=\toks15

(/usr/share/texmf-dist/tex/latex/ucs/utf8x.def
File: utf8x.def 2004/10/17 UCS: Input encoding UTF-8
))
(/usr/share/texmf-dist/tex/latex/ucs/ucs.sty
Package: ucs 2013/05/11 v2.2 UCS: Unicode input support

(/usr/share/texmf-dist/tex/latex/ucs/data/uni-global.def
File: uni-global.def 2013/05/13 UCS: Unicode global data
)
\uc@secondtry=\count87
\uc@combtoks=\toks16
\uc@combtoksb=\toks17
\uc@temptokena=\toks18
)
(/usr/share/texmf-dist/tex/latex/graphics/graphics.sty
Package: graphics 2009/02/05 v1.0o Standard LaTeX Graphics (DPC,SPQR)

(/usr/share/texmf-dist/tex/latex/graphics/trig.sty
Package: trig 1999/03/16 v1.09 sin cos tan (DPC)
)
(/usr/share/texmf-dist/tex/latex/latexconfig/graphics.cfg
File: graphics.cfg 2010/04/23 v1.9 graphics configuration of TeX Live
)
Package graphics Info: Driver file: pdftex.def on input line 91.

(/usr/share/texmf-dist/tex/latex/pdftex-def/pdftex.def
File: pdftex.def 2011/05/27 v0.06d Graphics/color for pdfTeX

(/usr/share/texmf-dist/tex/generic/oberdiek/infwarerr.sty
Package: infwarerr 2010/04/08 v1.3 Providing info/warning/error messages (HO)
)
(/usr/share/texmf-dist/tex/generic/oberdiek/ltxcmds.sty
Package: ltxcmds 2011/11/09 v1.22 LaTeX kernel commands for general use (HO)
)
\Gread@gobject=\count88
))
(/usr/share/texmf-dist/tex/latex/graphics/graphicx.sty
Package: graphicx 2014/04/25 v1.0g Enhanced LaTeX Graphics (DPC,SPQR)

(/usr/share/texmf-dist/tex/latex/graphics/keyval.sty
Package: keyval 2014/05/08 v1.15 key=value parser (DPC)
\KV@toks@=\toks19
)
\Gin@req@height=\dimen103
\Gin@req@width=\dimen104
)
(/usr/share/texmf-dist/tex/latex/wrapfig/wrapfig.sty
\wrapoverhang=\dimen105
\WF@size=\dimen106
\c@WF@wrappedlines=\count89
\WF@box=\box26
\WF@everypar=\toks20
Package: wrapfig 2003/01/31  v 3.6
)
(/usr/share/texmf-dist/tex/latex/listings/listings.sty
\lst@mode=\count90
\lst@gtempboxa=\box27
\lst@token=\toks21
\lst@length=\count91
\lst@currlwidth=\dimen107
\lst@column=\count92
\lst@pos=\count93
\lst@lostspace=\dimen108
\lst@width=\dimen109
\lst@newlines=\count94
\lst@lineno=\count95
\lst@maxwidth=\dimen110

(/usr/share/texmf-dist/tex/latex/listings/lstmisc.sty
File: lstmisc.sty 2014/03/04 1.5c (Carsten Heinz)
\c@lstnumber=\count96
\lst@skipnumbers=\count97
\lst@framebox=\box28
)
(/usr/share/texmf-dist/tex/latex/listings/listings.cfg
File: listings.cfg 2014/03/04 1.5c listings configuration
))
Package: listings 2014/03/04 1.5c (Carsten Heinz)

(/usr/share/texmf-dist/tex/latex/url/url.sty
\Urlmuskip=\muskip10
Package: url 2013/09/16  ver 3.4  Verb mode for urls, etc.
)
(/usr/share/texmf-dist/tex/latex/psnfss/times.sty
Package: times 2005/04/12 PSNFSS-v9.2a (SPQR) 
)
(/usr/share/texmf-dist/tex/latex/base/fontenc.sty
Package: fontenc 2005/09/27 v1.99g Standard LaTeX package

(/usr/share/texmf-dist/tex/latex/base/t1enc.def
File: t1enc.def 2005/09/27 v1.99g Standard LaTeX file
LaTeX Font Info:    Redeclaring font encoding T1 on input line 43.
))
(/usr/share/texmf-dist/tex/latex/xcolor/xcolor.sty
Package: xcolor 2007/01/21 v2.11 LaTeX color extensions (UK)

(/usr/share/texmf-dist/tex/latex/latexconfig/color.cfg
File: color.cfg 2007/01/18 v1.5 color configuration of teTeX/TeXLive
)
Package xcolor Info: Driver file: pdftex.def on input line 225.
Package xcolor Info: Model `cmy' substituted by `cmy0' on input line 1337.
Package xcolor Info: Model `hsb' substituted by `rgb' on input line 1341.
Package xcolor Info: Model `RGB' extended on input line 1353.
Package xcolor Info: Model `HTML' substituted by `rgb' on input line 1355.
Package xcolor Info: Model `Hsb' substituted by `hsb' on input line 1356.
Package xcolor Info: Model `tHsb' substituted by `hsb' on input line 1357.
Package xcolor Info: Model `HSB' substituted by `hsb' on input line 1358.
Package xcolor Info: Model `Gray' substituted by `gray' on input line 1359.
Package xcolor Info: Model `wave' substituted by `hsb' on input line 1360.
)
(/usr/share/texmf-dist/tex/generic/babel/babel.sty
Package: babel 2014/03/24 3.9k The Babel package

(/usr/share/texmf-dist/tex/generic/babel-french/frenchb.ldf
Language: frenchb 2014/06/21 v3.1a French support from the babel system

(/usr/share/texmf-dist/tex/generic/babel/babel.def
File: babel.def 2014/03/24 3.9k Babel common definitions
\babel@savecnt=\count98
\U@D=\dimen111
)
\l@acadian = a dialect from \language\l@french 
\l@canadien = a dialect from \language\l@french 
\FBcolonskip=\skip43
\FBthinskip=\skip44
\FB@interchartokenstateORI=\count99
Package babel Info: Making : an active character on input line 371.
Package babel Info: Making ; an active character on input line 372.
Package babel Info: Making ! an active character on input line 373.
Package babel Info: Making ? an active character on input line 374.
\FBguillskip=\skip45
\FBguill@level=\count100
\FB@Mht=\dimen112
\std@mcc=\count101
\dec@mcc=\count102
\listindentFB=\skip46
\labelwidthFB=\skip47
\leftmarginFB=\skip48
\parindentFFN=\dimen113
))
(/usr/share/texmf-dist/tex/latex/carlisle/scalefnt.sty)
(/usr/share/texmf-dist/tex/latex/geometry/geometry.sty
Package: geometry 2010/09/12 v5.6 Page Geometry

(/usr/share/texmf-dist/tex/generic/oberdiek/ifpdf.sty
Package: ifpdf 2011/01/30 v2.3 Provides the ifpdf switch (HO)
Package ifpdf Info: pdfTeX in PDF mode is detected.
)
(/usr/share/texmf-dist/tex/generic/oberdiek/ifvtex.sty
Package: ifvtex 2010/03/01 v1.5 Detect VTeX and its facilities (HO)
Package ifvtex Info: VTeX not detected.
)
(/usr/share/texmf-dist/tex/generic/ifxetex/ifxetex.sty
Package: ifxetex 2010/09/12 v0.6 Provides ifxetex conditional
)
\Gm@cnth=\count103
\Gm@cntv=\count104
\c@Gm@tempcnt=\count105
\Gm@bindingoffset=\dimen114
\Gm@wd@mp=\dimen115
\Gm@odd@mp=\dimen116
\Gm@even@mp=\dimen117
\Gm@layoutwidth=\dimen118
\Gm@layoutheight=\dimen119
\Gm@layouthoffset=\dimen120
\Gm@layoutvoffset=\dimen121
\Gm@dimlist=\toks22
)
(/usr/share/texmf-dist/tex/latex/tools/verbatim.sty
Package: verbatim 2003/08/22 v1.5q LaTeX2e package for verbatim enhancements
\every@verbatim=\toks23
\verbatim@line=\toks24
\verbatim@in@stream=\read1
)
(/usr/share/texmf-dist/tex/latex/moreverb/moreverb.sty
Package: moreverb 2008/06/03 v2.3a `more' verbatim facilities
\tab@position=\count106
\tab@size=\count107
\listing@line=\count108
)
(/usr/share/texmf-dist/tex/latex/tools/array.sty
Package: array 2008/09/09 v2.4c Tabular extension package (FMi)
\col@sep=\dimen122
\extrarowheight=\dimen123
\NC@list=\toks25
\extratabsurround=\skip49
\backup@length=\skip50
)
(/usr/share/texmf-dist/tex/latex/morefloats/morefloats.sty
Package: morefloats 2012/01/28 v1.0f Raise limit of unprocessed floats (HMM; DH
)

(/usr/share/texmf-dist/tex/latex/oberdiek/kvoptions.sty
Package: kvoptions 2011/06/30 v3.11 Key value format for package options (HO)

(/usr/share/texmf-dist/tex/generic/oberdiek/kvsetkeys.sty
Package: kvsetkeys 2012/04/25 v1.16 Key value parser (HO)

(/usr/share/texmf-dist/tex/generic/oberdiek/etexcmds.sty
Package: etexcmds 2011/02/16 v1.5 Avoid name clashes with e-TeX commands (HO)

(/usr/share/texmf-dist/tex/generic/oberdiek/ifluatex.sty
Package: ifluatex 2010/03/01 v1.3 Provides the ifluatex switch (HO)
Package ifluatex Info: LuaTeX not detected.
)
Package etexcmds Info: Could not find \expanded.
(etexcmds)             That can mean that you are not using pdfTeX 1.50 or
(etexcmds)             that some package has redefined \expanded.
(etexcmds)             In the latter case, load this package earlier.
)))
Package morefloats Info: Maximum number of possible floats asked for: 36.
(morefloats)             LaTeX might run out of memory before this
(morefloats)             (in which case it will notify you).
(morefloats)              on input line 171.
\bx@S=\insert233
\bx@T=\insert232
\bx@U=\insert231
\bx@V=\insert230
\bx@W=\insert229
\bx@X=\insert228
\bx@Y=\insert227
\bx@Z=\insert226
\bx@AA=\insert225
\bx@AB=\insert224
\bx@AC=\insert223
\bx@AD=\insert222
\bx@AE=\insert221
\bx@AF=\insert220
\bx@AG=\insert219
\bx@AH=\insert218
\bx@AI=\insert217
\bx@AJ=\insert216
)
(/usr/share/texmf-dist/tex/latex/pdfpages/pdfpages.sty
Package: pdfpages 2013/08/25 v0.4v Insert pages of external PDF documents (AM)

(/usr/share/texmf-dist/tex/latex/base/ifthen.sty
Package: ifthen 2001/05/26 v1.1c Standard LaTeX ifthen package (DPC)
)
(/usr/share/texmf-dist/tex/latex/tools/calc.sty
Package: calc 2007/08/22 v4.3 Infix arithmetic (KKT,FJ)
\calc@Acount=\count109
\calc@Bcount=\count110
\calc@Adimen=\dimen124
\calc@Bdimen=\dimen125
\calc@Askip=\skip51
\calc@Bskip=\skip52
LaTeX Info: Redefining \setlength on input line 75.
LaTeX Info: Redefining \addtolength on input line 76.
\calc@Ccount=\count111
\calc@Cskip=\skip53
)
(/usr/share/texmf-dist/tex/latex/eso-pic/eso-pic.sty
Package: eso-pic 2013/10/06 v2.0d eso-pic (RN)

(/usr/share/texmf-dist/tex/generic/oberdiek/atbegshi.sty
Package: atbegshi 2011/10/05 v1.16 At begin shipout hook (HO)
))
(/usr/share/texmf-dist/tex/latex/pdfpages/pppdftex.def
File: pppdftex.def 2013/08/25 v0.4v Pdfpages driver for pdfTeX (AM)
)
\AM@pagebox=\box29
\AM@toc@title=\toks26
\c@AM@survey=\count112
\AM@templatesizebox=\box30
) (./rapport.aux)
\openout1 = `rapport.aux'.

LaTeX Font Info:    Checking defaults for OML/cmm/m/it on input line 42.
LaTeX Font Info:    ... okay on input line 42.
LaTeX Font Info:    Checking defaults for T1/cmr/m/n on input line 42.
LaTeX Font Info:    ... okay on input line 42.
LaTeX Font Info:    Checking defaults for OT1/cmr/m/n on input line 42.
LaTeX Font Info:    ... okay on input line 42.
LaTeX Font Info:    Checking defaults for OMS/cmsy/m/n on input line 42.
LaTeX Font Info:    ... okay on input line 42.
LaTeX Font Info:    Checking defaults for OMX/cmex/m/n on input line 42.
LaTeX Font Info:    ... okay on input line 42.
LaTeX Font Info:    Checking defaults for U/cmr/m/n on input line 42.
LaTeX Font Info:    ... okay on input line 42.
LaTeX Font Info:    Try loading font information for T1+ptm on input line 42.

(/usr/share/texmf-dist/tex/latex/psnfss/t1ptm.fd
File: t1ptm.fd 2001/06/04 font definitions for T1/ptm.
)
(/usr/share/texmf-dist/tex/latex/ucs/ucsencs.def
File: ucsencs.def 2011/01/21 Fixes to fontencodings LGR, T3
)
(/usr/share/texmf-dist/tex/context/base/supp-pdf.mkii
[Loading MPS to PDF converter (version 2006.09.02).]
\scratchcounter=\count113
\scratchdimen=\dimen126
\scratchbox=\box31
\nofMPsegments=\count114
\nofMParguments=\count115
\everyMPshowfont=\toks27
\MPscratchCnt=\count116
\MPscratchDim=\dimen127
\MPnumerator=\count117
\makeMPintoPDFobject=\count118
\everyMPtoPDFconversion=\toks28
) (/usr/share/texmf-dist/tex/generic/oberdiek/pdftexcmds.sty
Package: pdftexcmds 2011/11/29 v0.20 Utility functions of pdfTeX for LuaTeX (HO
)
Package pdftexcmds Info: LuaTeX not detected.
Package pdftexcmds Info: \pdf@primitive is available.
Package pdftexcmds Info: \pdf@ifprimitive is available.
Package pdftexcmds Info: \pdfdraftmode found.
)
(/usr/share/texmf-dist/tex/latex/oberdiek/epstopdf-base.sty
Package: epstopdf-base 2010/02/09 v2.5 Base part for package epstopdf

(/usr/share/texmf-dist/tex/latex/oberdiek/grfext.sty
Package: grfext 2010/08/19 v1.1 Manage graphics extensions (HO)

(/usr/share/texmf-dist/tex/generic/oberdiek/kvdefinekeys.sty
Package: kvdefinekeys 2011/04/07 v1.3 Define keys (HO)
))
Package grfext Info: Graphics extension search list:
(grfext)             [.png,.pdf,.jpg,.mps,.jpeg,.jbig2,.jb2,.PNG,.PDF,.JPG,.JPE
G,.JBIG2,.JB2,.eps]
(grfext)             \AppendGraphicsExtensions on input line 452.

(/usr/share/texmf-dist/tex/latex/latexconfig/epstopdf-sys.cfg
File: epstopdf-sys.cfg 2010/07/13 v1.3 Configuration of (r)epstopdf for TeX Liv
e
))
\c@lstlisting=\count119
LaTeX Info: Redefining \degres on input line 42.
LaTeX Info: Redefining \dots on input line 42.
LaTeX Info: Redefining \up on input line 42.

*geometry* driver: auto-detecting
*geometry* detected driver: pdftex
*geometry* verbose mode - [ preamble ] result:
* driver: pdftex
* paper: a4paper
* layout: <same size as paper>
* layoutoffset:(h,v)=(0.0pt,0.0pt)
* modes: 
* h-part:(L,W,R)=(85.35826pt, 441.01773pt, 71.13188pt)
* v-part:(T,H,B)=(85.35826pt, 660.10394pt, 99.58464pt)
* \paperwidth=597.50787pt
* \paperheight=845.04684pt
* \textwidth=441.01773pt
* \textheight=660.10394pt
* \oddsidemargin=13.08827pt
* \evensidemargin=13.08827pt
* \topmargin=-23.91173pt
* \headheight=12.0pt
* \headsep=25.0pt
* \topskip=11.0pt
* \footskip=30.0pt
* \marginparwidth=50.0pt
* \marginparsep=10.0pt
* \columnsep=10.0pt
* \skip\footins=10.0pt plus 4.0pt minus 2.0pt
* \hoffset=0.0pt
* \voffset=0.0pt
* \mag=1000
* \@twocolumnfalse
* \@twosidefalse
* \@mparswitchfalse
* \@reversemarginfalse
* (1in=72.27pt=25.4mm, 1cm=28.453pt)

\AtBeginShipoutBox=\box32
<images/logo.png, id=1, 402.50375pt x 99.37125pt>
File: images/logo.png Graphic file (type png)
 <use images/logo.png>
Package pdftex.def Info: images/logo.png used on input line 48.
(pdftex.def)             Requested size: 352.81552pt x 87.10428pt.
LaTeX Font Info:    Font shape `T1/ptm/bx/n' in size <24.88> not available
(Font)              Font shape `T1/ptm/b/n' tried instead on input line 52.

(/usr/share/texmf-dist/tex/latex/ucs/data/uni-0.def
File: uni-0.def 2013/05/13 UCS: Unicode data U+0000..U+00FF
)
LaTeX Font Info:    Font shape `T1/ptm/bx/n' in size <10.95> not available
(Font)              Font shape `T1/ptm/b/n' tried instead on input line 63.
 [1

{/var/lib/texmf/fonts/map/pdftex/updmap/pdftex.map} <./images/logo.png (PNG cop
y)>]
LaTeX Font Info:    Font shape `T1/ptm/bx/n' in size <14.4> not available
(Font)              Font shape `T1/ptm/b/n' tried instead on input line 71.

(/usr/share/texmf-dist/tex/latex/ucs/data/uni-32.def
File: uni-32.def 2013/05/13 UCS: Unicode data U+2000..U+20FF
) [1] [2] (./rapport.toc
LaTeX Font Info:    External font `cmex10' loaded for size
(Font)              <10.95> on input line 6.
LaTeX Font Info:    External font `cmex10' loaded for size
(Font)              <8> on input line 6.
LaTeX Font Info:    External font `cmex10' loaded for size
(Font)              <6> on input line 6.
)
\tf@toc=\write3
\openout3 = `rapport.toc'.


[3] (./rapport.lof)
\tf@lof=\write4
\openout4 = `rapport.lof'.

 [4]
LaTeX Font Info:    Font shape `T1/ptm/bx/n' in size <12> not available
(Font)              Font shape `T1/ptm/b/n' tried instead on input line 101.
 <images/debian1.png, id=23, 591.20876pt x 398.48875pt>
File: images/debian1.png Graphic file (type png)

<use images/debian1.png>
Package pdftex.def Info: images/debian1.png used on input line 118.
(pdftex.def)             Requested size: 352.81552pt x 237.81212pt.

<images/debian2.png, id=25, 753.81625pt x 545.03625pt>
File: images/debian2.png Graphic file (type png)

<use images/debian2.png>
Package pdftex.def Info: images/debian2.png used on input line 124.
(pdftex.def)             Requested size: 352.81552pt x 255.09424pt.
 <images/debian3.png, id=26, 774.895pt x 329.23pt>
File: images/debian3.png Graphic file (type png)

<use images/debian3.png>
Package pdftex.def Info: images/debian3.png used on input line 130.
(pdftex.def)             Requested size: 352.81552pt x 149.90034pt.
 <images/debian4.png, id=27, 758.835pt x 254.9525pt>
File: images/debian4.png Graphic file (type png)

<use images/debian4.png>
Package pdftex.def Info: images/debian4.png used on input line 136.
(pdftex.def)             Requested size: 352.81552pt x 118.54001pt.
 <images/debian5.png, id=28, 755.82375pt x 238.8925pt>
File: images/debian5.png Graphic file (type png)

<use images/debian5.png>
Package pdftex.def Info: images/debian5.png used on input line 142.
(pdftex.def)             Requested size: 352.81552pt x 111.51399pt.
 <images/debian6.png, id=29, 752.8125pt x 398.48875pt>
File: images/debian6.png Graphic file (type png)

<use images/debian6.png>
Package pdftex.def Info: images/debian6.png used on input line 148.
(pdftex.def)             Requested size: 352.81552pt x 186.76074pt.
 <images/debian7.png, id=30, 741.77126pt x 206.7725pt>
File: images/debian7.png Graphic file (type png)

<use images/debian7.png>
Package pdftex.def Info: images/debian7.png used on input line 154.
(pdftex.def)             Requested size: 352.81552pt x 98.35046pt.
 <images/debian8.png, id=31, 718.685pt x 268.00125pt>
File: images/debian8.png Graphic file (type png)

<use images/debian8.png>
Package pdftex.def Info: images/debian8.png used on input line 160.
(pdftex.def)             Requested size: 352.81552pt x 131.5712pt.

<images/debian9.png, id=32, 755.82375pt x 221.82875pt>
File: images/debian9.png Graphic file (type png)

<use images/debian9.png>
Package pdftex.def Info: images/debian9.png used on input line 166.
(pdftex.def)             Requested size: 352.81552pt x 103.54869pt.

<images/debian10.png, id=33, 728.7225pt x 189.70876pt>
File: images/debian10.png Graphic file (type png)

<use images/debian10.png>
Package pdftex.def Info: images/debian10.png used on input line 172.
(pdftex.def)             Requested size: 352.81552pt x 91.84653pt.
 <images/debian11.png, id=34, 746.79pt x 197.73875pt>
File: images/debian11.png Graphic file (type png)

<use images/debian11.png>
Package pdftex.def Info: images/debian11.png used on input line 178.
(pdftex.def)             Requested size: 352.81552pt x 93.41998pt.

<images/debian12.png, id=35, 752.8125pt x 235.88126pt>
File: images/debian12.png Graphic file (type png)

<use images/debian12.png>
Package pdftex.def Info: images/debian12.png used on input line 184.
(pdftex.def)             Requested size: 352.81552pt x 110.55106pt.

<images/debian13.png, id=36, 760.8425pt x 191.71625pt>
File: images/debian13.png Graphic file (type png)

<use images/debian13.png>
Package pdftex.def Info: images/debian13.png used on input line 190.
(pdftex.def)             Requested size: 352.81552pt x 88.90433pt.

<images/debian14.png, id=37, 765.86125pt x 285.065pt>
File: images/debian14.png Graphic file (type png)

<use images/debian14.png>
Package pdftex.def Info: images/debian14.png used on input line 196.
(pdftex.def)             Requested size: 352.81552pt x 131.32288pt.

<images/debian15.png, id=38, 765.86125pt x 416.55624pt>
File: images/debian15.png Graphic file (type png)

<use images/debian15.png>
Package pdftex.def Info: images/debian15.png used on input line 202.
(pdftex.def)             Requested size: 352.81552pt x 191.89786pt.

<images/debian16.png, id=39, 731.73375pt x 339.2675pt>
File: images/debian16.png Graphic file (type png)

<use images/debian16.png>
Package pdftex.def Info: images/debian16.png used on input line 208.
(pdftex.def)             Requested size: 352.81552pt x 163.58165pt.

<images/debian17.png, id=40, 759.83875pt x 534.99875pt>
File: images/debian17.png Graphic file (type png)

<use images/debian17.png>
Package pdftex.def Info: images/debian17.png used on input line 214.
(pdftex.def)             Requested size: 352.81552pt x 248.4208pt.

<images/debian18.png, id=41, 761.84625pt x 534.99875pt>
File: images/debian18.png Graphic file (type png)

<use images/debian18.png>
Package pdftex.def Info: images/debian18.png used on input line 220.
(pdftex.def)             Requested size: 352.81552pt x 247.75958pt.

<images/debian19.png, id=42, 740.7675pt x 238.8925pt>
File: images/debian19.png Graphic file (type png)

<use images/debian19.png>
Package pdftex.def Info: images/debian19.png used on input line 226.
(pdftex.def)             Requested size: 352.81552pt x 113.7813pt.

<images/debian20.png, id=43, 773.89125pt x 368.37625pt>
File: images/debian20.png Graphic file (type png)

<use images/debian20.png>
Package pdftex.def Info: images/debian20.png used on input line 232.
(pdftex.def)             Requested size: 352.81552pt x 167.94308pt.
 <images/debian21.png, id=44, 738.76pt x 262.9825pt>
File: images/debian21.png Graphic file (type png)

<use images/debian21.png>
Package pdftex.def Info: images/debian21.png used on input line 238.
(pdftex.def)             Requested size: 352.81552pt x 125.59212pt.

<images/debian22.png, id=45, 748.7975pt x 165.61874pt>
File: images/debian22.png Graphic file (type png)

<use images/debian22.png>
Package pdftex.def Info: images/debian22.png used on input line 244.
(pdftex.def)             Requested size: 352.81552pt x 78.0354pt.
 [1 <./images/debian1.png>] [2 <./images/debian2.png> <./images/debian3.png> <.
/images/debian4.png>] [3 <./images/debian5.png> <./images/debian6.png> <./image
s/debian7.png> <./images/debian8.png>] [4 <./images/debian9.png> <./images/debi
an10.png> <./images/debian11.png> <./images/debian12.png> <./images/debian13.pn
g>] [5 <./images/debian14.png> <./images/debian15.png> <./images/debian16.png>]
 [6 <./images/debian17.png> <./images/debian18.png>]
[7 <./images/debian19.png> <./images/debian20.png> <./images/debian21.png> <./i
mages/debian22.png>]
<images/vmwareworkstationubuntu.png, id=90, 482.55281pt x 319.94531pt>
File: images/vmwareworkstationubuntu.png Graphic file (type png)

<use images/vmwareworkstationubuntu.png>
Package pdftex.def Info: images/vmwareworkstationubuntu.png used on input line 
269.
(pdftex.def)             Requested size: 352.81552pt x 233.93404pt.

<images/demarrerISO.png, id=91, 729.72626pt x 537.00626pt>
File: images/demarrerISO.png Graphic file (type png)

<use images/demarrerISO.png>
Package pdftex.def Info: images/demarrerISO.png used on input line 285.
(pdftex.def)             Requested size: 352.81552pt x 259.6365pt.

<images/demarrerISO2.png, id=92, 732.7375pt x 452.69125pt>
File: images/demarrerISO2.png Graphic file (type png)

<use images/demarrerISO2.png>
Package pdftex.def Info: images/demarrerISO2.png used on input line 293.
(pdftex.def)             Requested size: 352.81552pt x 217.97318pt.

<images/demarrerISO3.png, id=93, 724.7075pt x 415.5525pt>
File: images/demarrerISO3.png Graphic file (type png)

<use images/demarrerISO3.png>
Package pdftex.def Info: images/demarrerISO3.png used on input line 301.
(pdftex.def)             Requested size: 352.81552pt x 202.30995pt.
 [8 <./images/vmwareworkstationubuntu.png>]
[9 <./images/demarrerISO.png> <./images/demarrerISO2.png>]
<images/demarrerISO4.png, id=104, 733.74126pt x 410.53375pt>
File: images/demarrerISO4.png Graphic file (type png)

<use images/demarrerISO4.png>
Package pdftex.def Info: images/demarrerISO4.png used on input line 309.
(pdftex.def)             Requested size: 352.81552pt x 197.40475pt.
 [10 <./images/demarrerISO3.png> <./images/demarrerISO4.png>] <images/demarrerI
SO5.png, id=110, 729.72626pt x 414.54875pt>
File: images/demarrerISO5.png Graphic file (type png)

<use images/demarrerISO5.png>
Package pdftex.def Info: images/demarrerISO5.png used on input line 317.
(pdftex.def)             Requested size: 352.81552pt x 200.42967pt.
 [11 <./images/demarrerISO5.png>]
<images/demarrerISO6.png, id=115, 728.7225pt x 416.55624pt>
File: images/demarrerISO6.png Graphic file (type png)

<use images/demarrerISO6.png>
Package pdftex.def Info: images/demarrerISO6.png used on input line 326.
(pdftex.def)             Requested size: 352.81552pt x 201.67358pt.
 [12 <./images/demarrerISO6.png>]
<images/demarrerISO7.png, id=120, 703.62875pt x 339.2675pt>
File: images/demarrerISO7.png Graphic file (type png)

<use images/demarrerISO7.png>
Package pdftex.def Info: images/demarrerISO7.png used on input line 335.
(pdftex.def)             Requested size: 352.81552pt x 170.11476pt.
 [13 <./images/demarrerISO7.png>] [14] [15]
[16] [17]
Underfull \hbox (badness 10000) in paragraph at lines 455--456

 []

[18] <images/xampp.png, id=143, 1371.1225pt x 770.88pt>
File: images/xampp.png Graphic file (type png)
 <use images/xampp.png>
Package pdftex.def Info: images/xampp.png used on input line 541.
(pdftex.def)             Requested size: 352.81552pt x 198.35384pt.

[19 <./images/xampp.png>] [20] [21] (./rapport.aux) ) 
Here is how much of TeX's memory you used:
 7323 strings out of 493108
 101856 string characters out of 6140726
 187541 words of memory out of 5000000
 10620 multiletter control sequences out of 15000+600000
 38992 words of font info for 45 fonts, out of 8000000 for 9000
 1141 hyphenation exceptions out of 8191
 36i,9n,35p,621b,608s stack positions out of 5000i,500n,10000p,200000b,80000s
{/usr/share/texmf-dist/fon
ts/enc/dvips/base/8r.enc}</usr/share/texmf-dist/fonts/type1/public/amsfonts/cm/
cmmi10.pfb></usr/share/texmf-dist/fonts/type1/public/amsfonts/cm/cmsy8.pfb></us
r/share/texmf-dist/fonts/type1/urw/times/utmb8a.pfb></usr/share/texmf-dist/font
s/type1/urw/times/utmr8a.pfb></usr/share/texmf-dist/fonts/type1/urw/times/utmr8
a.pfb></usr/share/texmf-dist/fonts/type1/urw/times/utmri8a.pfb>
Output written on rapport.pdf (26 pages, 1645154 bytes).
PDF statistics:
 176 PDF objects out of 1000 (max. 8388607)
 79 compressed objects within 1 object stream
 0 named destinations out of 1000 (max. 500000)
 161 words of extra memory for PDF output out of 10000 (max. 10000000)

